[18:17:49] [main/INFO]: Environment: authHost='https://authserver.mojang.com', accountsHost='https://api.mojang.com', sessionHost='https://sessionserver.mojang.com', servicesHost='https://api.minecraftservices.com', name='PROD'
[18:17:50] [main/INFO]: Reloading ResourceManager: Default, bukkit
[18:17:51] [Worker-Main-1/INFO]: Loaded 7 recipes
[18:17:53] [Server thread/INFO]: Starting minecraft server version 1.17.1
[18:17:53] [Server thread/INFO]: Loading properties
[18:17:53] [Server thread/INFO]: This server is running Paper version git-Paper-408 (MC: 1.17.1) (Implementing API version 1.17.1-R0.1-SNAPSHOT) (Git: cc43ba7 on ver/1.17.1)
[18:17:53] [Server thread/INFO]: Server Ping Player Sample Count: 12
[18:17:53] [Server thread/INFO]: Using 4 threads for Netty based IO
[18:17:53] [Server thread/INFO]: Default game type: SURVIVAL
[18:17:53] [Server thread/INFO]: Generating keypair
[18:17:53] [Server thread/INFO]: Starting Minecraft server on *:25565
[18:17:54] [Server thread/INFO]: Using default channel type
[18:17:54] [Server thread/INFO]: Paper: Using Java 11 compression from Velocity.
[18:17:54] [Server thread/INFO]: Paper: Using Java cipher from Velocity.
[18:17:54] [Server thread/INFO]: [dynmap] Loading dynmap v3.2.1-531
[18:17:54] [Server thread/INFO]: [dynmap] version=git-Paper-408 (MC: 1.17.1)
[18:17:54] [Server thread/INFO]: [dynmap] Mod Support API available
[18:17:54] [Server thread/INFO]: [VeinMiner] Loading VeinMiner v1.17.10
[18:17:54] [Server thread/INFO]: Server permissions file permissions.yml is empty, ignoring it
[18:17:54] [Server thread/INFO]: Preparing level "world"
[18:17:55] [Server thread/INFO]: Preparing start region for dimension minecraft:overworld
[18:17:55] [Server thread/INFO]: Time elapsed: 226 ms
[18:17:55] [Server thread/INFO]: Preparing start region for dimension minecraft:the_nether
[18:17:55] [Server thread/INFO]: Time elapsed: 66 ms
[18:17:55] [Server thread/INFO]: Preparing start region for dimension minecraft:the_end
[18:17:55] [Server thread/INFO]: Time elapsed: 55 ms
[18:17:55] [Server thread/INFO]: [dynmap] Enabling dynmap v3.2.1-531
[18:17:56] [Server thread/INFO]: [dynmap] Added 2 custom biome mappings
[18:17:56] [Server thread/INFO]: [dynmap] Using Bukkit Permissions (superperms) for access control
[18:17:56] [Server thread/INFO]: [dynmap] Web interface permissions only available for online users
[18:17:56] [Server thread/INFO]: [dynmap] Mod Support processing completed
[18:17:57] [Server thread/INFO]: [dynmap] Loaded 25 shaders.
[18:17:57] [Server thread/INFO]: [dynmap] Loaded 82 perspectives.
[18:17:57] [Server thread/INFO]: [dynmap] Loaded 22 lightings.
[18:17:57] [Server thread/INFO]: [dynmap] Starting enter/exit processing
[18:17:58] [Dynmap Render Thread/INFO]: [dynmap] Finish marker initialization
[18:17:59] [Server thread/INFO]: [dynmap] Web server started on address 0.0.0.0:8123
[18:17:59] [Server thread/INFO]: [dynmap] version 3.2.1-531 is enabled - core version 3.2.1-531
[18:17:59] [Server thread/INFO]: [dynmap] For support, visit https://reddit.com/r/Dynmap or our Discord at https://discord.gg/s3rd5qn
[18:17:59] [Server thread/INFO]: [dynmap] To report or track bugs, visit https://github.com/webbukkit/dynmap/issues
[18:17:59] [Server thread/INFO]: [dynmap] If you'd like to donate, please visit https://www.patreon.com/dynmap or https://ko-fi.com/michaelprimm
[18:17:59] [Server thread/INFO]: [dynmap] Loaded 3 maps of world 'world'.
[18:17:59] [Server thread/INFO]: [dynmap] Loaded 2 maps of world 'world_nether'.
[18:17:59] [Server thread/INFO]: [dynmap] Loaded 2 maps of world 'world_the_end'.
[18:17:59] [Server thread/INFO]: [dynmap] Enabled
[18:17:59] [Server thread/INFO]: [VeinMiner] Enabling VeinMiner v1.17.10
[18:17:59] [Server thread/INFO]: [VeinMiner] Registering events
[18:17:59] [Server thread/INFO]: [VeinMiner] Registering commands
[18:17:59] [Server thread/INFO]: [VeinMiner] Vault not found. Economy support suspended
[18:17:59] [Server thread/INFO]: [VeinMiner] Enabling Plugin Metrics
[18:17:59] [Server thread/INFO]: [VeinMiner] Thanks for enabling Metrics! The anonymous stats are appreciated
[18:17:59] [Server thread/INFO]: [VeinMiner] Loading configuration options to local memory
[18:17:59] [Server thread/INFO]: [VeinMiner] Performing an update check!
[18:17:59] [Server thread/INFO]: Running delayed init tasks
[18:17:59] [Server thread/INFO]: Done (6.554s)! For help, type "help"
[18:17:59] [Server thread/INFO]: Timings Reset
[18:18:05] [ForkJoinPool.commonPool-worker-3/INFO]: [VeinMiner] Your version of VeinMiner (1.17.10) is up to date!
[23:16:43] [Server thread/INFO]: com.mojang.authlib.GameProfile@c4fd2ca[id=<null>,name=Lugne0824,properties={},legacy=false] (/14.8.44.128:32990) lost connection: Disconnected
[23:16:49] [User Authenticator #1/INFO]: UUID of player Lugne0824 is 7d5887a5-73dc-46f6-9442-aa8c27bcd297
[23:16:53] [Server thread/INFO]: Lugne0824 joined the game
[23:16:54] [Server thread/INFO]: Lugne0824[/14.8.44.128:57566] logged in with entity id 221 at ([world]-187.5, 65.875, 113.5)
[23:16:55] [Server thread/WARN]: Can't keep up! Is the server overloaded? Running 5820ms or 116 ticks behind
[23:17:35] [Dynmap Render Thread/INFO]: [dynmap] Loading default resource pack
[23:21:54] [Server thread/INFO]: Lugne0824 lost connection: Disconnected
[23:21:54] [Server thread/INFO]: Lugne0824 left the game
[23:25:23] [User Authenticator #2/INFO]: UUID of player Lugne0824 is 7d5887a5-73dc-46f6-9442-aa8c27bcd297
[23:25:23] [Server thread/INFO]: Lugne0824 joined the game
[23:25:23] [Server thread/INFO]: Lugne0824[/14.8.44.128:16607] logged in with entity id 912 at ([world]-264.01271950424604, 65.0, 105.2081939248114)
[23:55:13] [Server thread/INFO]: Lugne0824 lost connection: Disconnected
[23:55:13] [Server thread/INFO]: Lugne0824 left the game
[23:57:02] [Server thread/INFO]: Stopping the server
[23:57:02] [Server thread/INFO]: Stopping server
[23:57:02] [Server thread/INFO]: [VeinMiner] Disabling VeinMiner v1.17.10
[23:57:02] [Server thread/INFO]: [VeinMiner] Clearing localized data
[23:57:02] [Server thread/INFO]: [dynmap] Disabling dynmap v3.2.1-531
[23:57:02] [Server thread/INFO]: [dynmap] Unloaded 11 components.
[23:57:02] [Server thread/INFO]: [dynmap] Stopping map renderer...
[23:57:03] [Server thread/INFO]: [dynmap] Disabled
[23:57:03] [Server thread/INFO]: Saving players
[23:57:03] [Server thread/INFO]: Saving worlds
[23:57:03] [Server thread/INFO]: Saving chunks for level 'ServerLevel[world]'/minecraft:overworld
[23:57:04] [Server thread/INFO]: Saving chunks for level 'ServerLevel[world_nether]'/minecraft:the_nether
[23:57:04] [Server thread/INFO]: Saving chunks for level 'ServerLevel[world_the_end]'/minecraft:the_end
[23:57:04] [Server thread/INFO]: ThreadedAnvilChunkStorage (world): All chunks are saved
[23:57:04] [Server thread/INFO]: ThreadedAnvilChunkStorage (DIM-1): All chunks are saved
[23:57:04] [Server thread/INFO]: ThreadedAnvilChunkStorage (DIM1): All chunks are saved
[23:57:04] [Server thread/INFO]: ThreadedAnvilChunkStorage: All dimensions are saved
[23:57:07] [Server thread/INFO]: Flushing Chunk IO
[23:57:07] [Server thread/INFO]: Closing Thread Pool
[23:57:07] [Server thread/INFO]: Closing Server
